[debug] [2023-01-17T12:55:28.574Z] ----------------------------------------------------------------------
[debug] [2023-01-17T12:55:28.635Z] Command:       C:\Program Files\nodejs\node.exe C:\Users\mega\AppData\Local\pnpm\global\5\node_modules\firebase-tools\lib\bin\firebase.js init
[debug] [2023-01-17T12:55:28.638Z] CLI Version:   11.20.0
[debug] [2023-01-17T12:55:28.640Z] Platform:      win32
[debug] [2023-01-17T12:55:28.641Z] Node Version:  v18.12.1
[debug] [2023-01-17T12:55:29.148Z] Time:          Tue Jan 17 2023 15:55:28 GMT+0300 (East Africa Time)
[debug] [2023-01-17T12:55:29.149Z] ----------------------------------------------------------------------
[debug] 
[debug] [2023-01-17T12:55:29.563Z] > command requires scopes: ["email","openid","https://www.googleapis.com/auth/cloudplatformprojects.readonly","https://www.googleapis.com/auth/firebase","https://www.googleapis.com/auth/cloud-platform"]
[debug] [2023-01-17T12:55:29.565Z] > authorizing via signed-in user (derrickmasha38@gmail.com)
[info] 
     ######## #### ########  ######## ########     ###     ######  ########
     ##        ##  ##     ## ##       ##     ##  ##   ##  ##       ##
     ######    ##  ########  ######   ########  #########  ######  ######
     ##        ##  ##    ##  ##       ##     ## ##     ##       ## ##
     ##       #### ##     ## ######## ########  ##     ##  ######  ########

You're about to initialize a Firebase project in this directory:

  C:\Users\mega\NextProjects\Chats\chats-app1

Before we get started, keep in mind:

  * You are initializing within an existing Firebase project directory

